{"level":"info","msg":"Using kube context '\u001b[1;37mdocker-desktop\u001b[0m'","time":"2020-09-18T16:28:22+02:00"}
{"level":"info","msg":"Using namespace '\u001b[1;37mtest\u001b[0m'","time":"2020-09-18T16:28:22+02:00"}
{"level":"fatal","msg":"Error building image: Error during shouldRebuild check: Dockerfile ./hello-world-api/Dockerfile missing: stat ./hello-world-api/Dockerfile: no such file or directory","time":"2020-09-18T16:28:22+02:00"}
{"level":"info","msg":"Using kube context '\u001b[1;37mdocker-desktop\u001b[0m'","time":"2020-09-18T16:28:39+02:00"}
{"level":"info","msg":"Using namespace '\u001b[1;37mtest\u001b[0m'","time":"2020-09-18T16:28:39+02:00"}
{"level":"info","msg":"Building image 'levelapp/dotnethelloworldmasterstand:Q7NhjF5' with engine 'docker'","time":"2020-09-18T16:28:39+02:00"}
{"level":"fatal","msg":"Error building image: Error during image build: cannot inject restart helper into Dockerfile because neither ENTRYPOINT nor CMD was found.\n\nHow to fix this:\n- Option A: Define an ENTRYPOINT (or CMD) in your Dockerfile\n- Option B: Set `images.*.entrypoint` option in your devspace.yaml","time":"2020-09-18T16:28:39+02:00"}
{"level":"info","msg":"Using kube context '\u001b[1;37mdocker-desktop\u001b[0m'","time":"2020-09-18T16:29:06+02:00"}
{"level":"info","msg":"Using namespace '\u001b[1;37mtest\u001b[0m'","time":"2020-09-18T16:29:06+02:00"}
{"level":"info","msg":"Building image 'levelapp/dotnethelloworldmasterstand:81nfmiV' with engine 'docker'","time":"2020-09-18T16:29:06+02:00"}
{"level":"fatal","msg":"Error building image: Error during image build: The command '/bin/sh -c dotnet restore \"hello-world-api.csproj\"' returned a non-zero code: 1","time":"2020-09-18T16:29:07+02:00"}
{"level":"info","msg":"Using kube context '\u001b[1;37mdocker-desktop\u001b[0m'","time":"2020-09-18T16:30:52+02:00"}
{"level":"info","msg":"Using namespace '\u001b[1;37mtest\u001b[0m'","time":"2020-09-18T16:30:52+02:00"}
{"level":"info","msg":"Building image 'levelapp/dotnethelloworldmasterstand:cScqTou' with engine 'docker'","time":"2020-09-18T16:30:52+02:00"}
{"level":"fatal","msg":"Error building image: Error during image build: The command '/bin/sh -c dotnet publish -c Debug -o bin' returned a non-zero code: 1","time":"2020-09-18T16:31:12+02:00"}
{"level":"info","msg":"Using kube context '\u001b[1;37mdocker-desktop\u001b[0m'","time":"2020-09-18T17:20:48+02:00"}
{"level":"info","msg":"Using namespace '\u001b[1;37mtest\u001b[0m'","time":"2020-09-18T17:20:48+02:00"}
{"level":"info","msg":"Building image 'levelapp/dotnethelloworldmasterstand:NuU3azI' with engine 'docker'","time":"2020-09-18T17:20:49+02:00"}
{"level":"fatal","msg":"Error building image: Error during image build: The command '/bin/sh -c dotnet publish -c Debug -o bin' returned a non-zero code: 1","time":"2020-09-18T17:20:53+02:00"}
{"level":"info","msg":"Using kube context '\u001b[1;37mdocker-desktop\u001b[0m'","time":"2020-09-18T17:21:01+02:00"}
{"level":"info","msg":"Using namespace '\u001b[1;37mtest\u001b[0m'","time":"2020-09-18T17:21:01+02:00"}
{"level":"info","msg":"Override image '\u001b[1;37mapp\u001b[0m' entrypoint with [sleep] and cmd with [999999999]","time":"2020-09-18T17:21:01+02:00"}
{"level":"info","msg":"Interactive mode: enable terminal","time":"2020-09-18T17:21:01+02:00"}
{"level":"info","msg":"Building image 'levelapp/dotnethelloworldmasterstand:KzK5Xz1' with engine 'docker'","time":"2020-09-18T17:21:02+02:00"}
{"level":"fatal","msg":"Error building image: Error during image build: The command '/bin/sh -c dotnet publish -c Debug -o bin' returned a non-zero code: 1","time":"2020-09-18T17:21:05+02:00"}
{"level":"info","msg":"Using kube context '\u001b[1;37mdocker-desktop\u001b[0m'","time":"2020-09-18T17:22:23+02:00"}
{"level":"info","msg":"Using namespace '\u001b[1;37mtest\u001b[0m'","time":"2020-09-18T17:22:23+02:00"}
{"level":"info","msg":"Override image '\u001b[1;37mapp\u001b[0m' entrypoint with [sleep] and cmd with [999999999]","time":"2020-09-18T17:22:23+02:00"}
{"level":"info","msg":"Interactive mode: enable terminal","time":"2020-09-18T17:22:23+02:00"}
{"level":"info","msg":"Building image 'levelapp/dotnethelloworldmasterstand:GEjFiwn' with engine 'docker'","time":"2020-09-18T17:22:23+02:00"}
{"level":"fatal","msg":"Error building image: Error during image build: The command '/bin/sh -c dotnet publish -c Debug -o bin' returned a non-zero code: 1","time":"2020-09-18T17:22:27+02:00"}
{"level":"info","msg":"Using kube context '\u001b[1;37mdocker-desktop\u001b[0m'","time":"2020-09-18T17:24:07+02:00"}
{"level":"info","msg":"Using namespace '\u001b[1;37mtest\u001b[0m'","time":"2020-09-18T17:24:07+02:00"}
{"level":"info","msg":"Building image 'levelapp/dotnethelloworldmasterstand:8U2D9nw' with engine 'docker'","time":"2020-09-18T17:24:07+02:00"}
{"level":"info","msg":"Skip image push for levelapp/dotnethelloworldmasterstand","time":"2020-09-18T17:24:32+02:00"}
{"level":"info","msg":"Done processing image 'levelapp/dotnethelloworldmasterstand'","time":"2020-09-18T17:24:32+02:00"}
{"level":"info","msg":"Deployed helm chart (Release revision: 0)","time":"2020-09-18T17:24:35+02:00"}
{"level":"info","msg":"Successfully deployed dotnet-hello-world-master-stand with helm","time":"2020-09-18T17:24:35+02:00"}
{"level":"info","msg":"Port forwarding started on 5004:5004","time":"2020-09-18T17:24:38+02:00"}
{"level":"info","msg":"Sync started on /Users/martin/Downloads/dotnet-hello-world-master-stand/hello-world-api \u003c-\u003e . (Pod: test/dotnet-hello-world-master-stand-78d698fd44-gltrw)","time":"2020-09-18T17:24:41+02:00"}
{"level":"info","msg":"Opening 'http://localhost:5004' as soon as application will be started (timeout: 4m0s)","time":"2020-09-18T17:24:41+02:00"}
{"level":"info","msg":"DevSpace UI available at: \u001b[1;37mhttp://localhost:8090\u001b[0m","time":"2020-09-18T17:24:41+02:00"}
{"level":"info","msg":"Starting log streaming for containers that use images defined in devspace.yaml\n","time":"2020-09-18T17:24:42+02:00"}
{"level":"info","msg":"Using kube context '\u001b[1;37mdocker-desktop\u001b[0m'","time":"2020-09-18T17:26:55+02:00"}
{"level":"info","msg":"Using namespace '\u001b[1;37mtest\u001b[0m'","time":"2020-09-18T17:26:55+02:00"}
{"level":"info","msg":"Skip building image 'app'","time":"2020-09-18T17:26:55+02:00"}
{"level":"info","msg":"Skipping deployment dotnet-hello-world-master-stand","time":"2020-09-18T17:26:55+02:00"}
{"level":"info","msg":"Port forwarding started on 5004:5004","time":"2020-09-18T17:26:56+02:00"}
{"level":"info","msg":"Sync started on /Users/martin/Downloads/dotnet-hello-world-master-stand/hello-world-api \u003c-\u003e . (Pod: test/dotnet-hello-world-master-stand-78d698fd44-gltrw)","time":"2020-09-18T17:26:57+02:00"}
{"level":"info","msg":"Opening 'http://localhost:5004' as soon as application will be started (timeout: 4m0s)","time":"2020-09-18T17:26:57+02:00"}
{"level":"info","msg":"DevSpace UI available at: \u001b[1;37mhttp://localhost:8090\u001b[0m","time":"2020-09-18T17:26:57+02:00"}
{"level":"info","msg":"Starting log streaming for containers that use images defined in devspace.yaml\n","time":"2020-09-18T17:26:58+02:00"}
